[debug] [2023-11-07T11:58:22.127Z] ----------------------------------------------------------------------
[debug] [2023-11-07T11:58:22.190Z] Command:       C:\Program Files\nodejs\node.exe C:\Users\GP_UFOT-js\AppData\Roaming\npm\node_modules\firebase-tools\lib\bin\firebase.js init
[debug] [2023-11-07T11:58:22.193Z] CLI Version:   12.7.0
[debug] [2023-11-07T11:58:22.196Z] Platform:      win32
[debug] [2023-11-07T11:58:22.197Z] Node Version:  v18.16.0
[debug] [2023-11-07T11:58:22.452Z] Time:          Tue Nov 07 2023 11:58:22 GMT+0000 (Greenwich Mean Time)
[debug] [2023-11-07T11:58:22.453Z] ----------------------------------------------------------------------
[debug] 
[debug] [2023-11-07T11:58:22.495Z] >>> [apiv2][query] GET https://firebase-public.firebaseio.com/cli.json [none]
[debug] [2023-11-07T11:58:23.675Z] > command requires scopes: ["email","openid","https://www.googleapis.com/auth/cloudplatformprojects.readonly","https://www.googleapis.com/auth/firebase","https://www.googleapis.com/auth/cloud-platform"]
[debug] [2023-11-07T11:58:23.678Z] > authorizing via signed-in user (ufotgodspower8@gmail.com)
[info] 
     ######## #### ########  ######## ########     ###     ######  ########
     ##        ##  ##     ## ##       ##     ##  ##   ##  ##       ##
     ######    ##  ########  ######   ########  #########  ######  ######
     ##        ##  ##    ##  ##       ##     ## ##     ##       ## ##
     ##       #### ##     ## ######## ########  ##     ##  ######  ########

You're about to initialize a Firebase project in this directory:

  C:\Users\GP_UFOT-js\Desktop\trekkers

Before we get started, keep in mind:

  * You are initializing within an existing Firebase project directory

[debug] [2023-11-07T11:58:24.100Z] *** [apiv2] error from fetch(https://firebase-public.firebaseio.com/cli.json, {"headers":{},"method":"GET"}): FetchError: request to https://firebase-public.firebaseio.com/cli.json failed, reason: getaddrinfo ENOTFOUND firebase-public.firebaseio.com
[warn] !  Unable to fetch the CLI MOTD and remote config. 
[debug] [2023-11-07T11:58:24.106Z] Failed to fetch MOTD FirebaseError: Failed to make request to https://firebase-public.firebaseio.com/cli.json
